2025-07-19 00:00:45+0900: Running with following config:
allowResignation = true
lagBuffer = 1.0
logAllGTPCommunication = true
logDir = gtp_logs
logSearchInfo = true
logSearchInfoForChosenMove = false
logToStderr = false
maxTimePondering = 60.0
maxVisits = 500
numSearchThreads = 6
ponderingEnabled = false
resignConsecTurns = 3
resignThreshold = -0.90
rules = tromp-taylor
searchFactorAfterOnePass = 0.50
searchFactorAfterTwoPass = 0.25
searchFactorWhenWinning = 0.40
searchFactorWhenWinningThreshold = 0.95

2025-07-19 00:00:45+0900: GTP Engine starting...
2025-07-19 00:00:45+0900: KataGo v1.16.3
2025-07-19 00:00:45+0900: Using TrompTaylor rules initially, unless GTP/GUI overrides this
2025-07-19 00:00:45+0900: Using 6 CPU thread(s) for search
2025-07-19 00:00:45+0900: nnRandSeed0 = 3329469181798304549
2025-07-19 00:00:45+0900: After dedups: nnModelFile0 = C:\Projects\katago\katago-v1.16.3-opencl-windows-x64\models\kata1.bin.gz useFP16 auto useNHWC auto
2025-07-19 00:00:45+0900: Initializing neural net buffer to be size 19 * 19 exactly
2025-07-19 00:00:49+0900: Found OpenCL Platform 0: NVIDIA CUDA (NVIDIA Corporation) (OpenCL 3.0 CUDA 12.7.33)
2025-07-19 00:00:49+0900: Found 1 device(s) on platform 0 with type CPU or GPU or Accelerator
2025-07-19 00:00:49+0900: Found OpenCL Platform 1: Intel(R) OpenCL HD Graphics (Intel(R) Corporation) (OpenCL 3.0 )
2025-07-19 00:00:49+0900: Found 1 device(s) on platform 1 with type CPU or GPU or Accelerator
2025-07-19 00:00:49+0900: Found OpenCL Device 0: NVIDIA GeForce GTX 1650 Ti (NVIDIA Corporation) (score 11000300)
2025-07-19 00:00:49+0900: Found OpenCL Device 1: Intel(R) UHD Graphics (Intel(R) Corporation) (score 6000300)
2025-07-19 00:00:49+0900: Creating context for OpenCL Platform: NVIDIA CUDA (NVIDIA Corporation) (OpenCL 3.0 CUDA 12.7.33)
2025-07-19 00:00:49+0900: Using OpenCL Device 0: NVIDIA GeForce GTX 1650 Ti (NVIDIA Corporation) OpenCL 3.0 CUDA (Extensions: cl_khr_global_int32_base_atomics cl_khr_global_int32_extended_atomics cl_khr_local_int32_base_atomics cl_khr_local_int32_extended_atomics cl_khr_fp64 cl_khr_3d_image_writes cl_khr_byte_addressable_store cl_khr_icd cl_khr_gl_sharing cl_nv_compiler_options cl_nv_device_attribute_query cl_nv_pragma_unroll cl_nv_d3d10_sharing cl_khr_d3d10_sharing cl_nv_d3d11_sharing cl_nv_copy_opts cl_nv_create_buffer cl_khr_int64_base_atomics cl_khr_int64_extended_atomics cl_khr_device_uuid cl_khr_pci_bus_info cl_khr_external_semaphore cl_khr_external_memory cl_khr_external_semaphore_win32 cl_khr_external_memory_win32 cl_khr_semaphore)
2025-07-19 00:00:49+0900: Loaded tuning parameters from: C:\Projects\katago\katago-v1.16.3-opencl-windows-x64/KataGoData/opencltuning/tune11_gpuNVIDIAGeForceGTX1650Ti_x19_y19_c512_mv15.txt
2025-07-19 00:00:50+0900: OpenCL backend thread 0: Model version 15
2025-07-19 00:00:50+0900: OpenCL backend thread 0: Model name: kata1-b28c512nbt-s9824030976-d5024211955
2025-07-19 00:00:52+0900: OpenCL backend thread 0: FP16Storage true FP16Compute false FP16TensorCores false FP16TensorCoresFor1x1 false
2025-07-19 00:00:52+0900: Loaded neural net with nnXLen 19 nnYLen 19
2025-07-19 00:00:52+0900: Initializing board with boardXSize 19 boardYSize 19
2025-07-19 00:00:52+0900: Loaded config C:\Projects\katago\katago-v1.16.3-opencl-windows-x64\default_gtp.cfg
2025-07-19 00:00:52+0900: Loaded model C:\Projects\katago\katago-v1.16.3-opencl-windows-x64\models\kata1.bin.gz
2025-07-19 00:00:52+0900: Model name: kata1-b28c512nbt-s9824030976-d5024211955
2025-07-19 00:00:52+0900: GTP ready, beginning main protocol loop
2025-07-19 00:00:52+0900: Controller: 1 ready
2025-07-19 00:00:52+0900: ?1 unknown command
