2025-07-19 00:24:31+0900: Running with following config:
allowResignation = true
lagBuffer = 1.0
logAllGTPCommunication = true
logDir = gtp_logs
logSearchInfo = true
logSearchInfoForChosenMove = false
logToStderr = false
maxTimePondering = 60.0
maxVisits = 500
numSearchThreads = 6
ponderingEnabled = false
resignConsecTurns = 3
resignThreshold = -0.90
rules = tromp-taylor
searchFactorAfterOnePass = 0.50
searchFactorAfterTwoPass = 0.25
searchFactorWhenWinning = 0.40
searchFactorWhenWinningThreshold = 0.95

2025-07-19 00:24:31+0900: GTP Engine starting...
2025-07-19 00:24:31+0900: KataGo v1.16.3
2025-07-19 00:24:31+0900: Using TrompTaylor rules initially, unless GTP/GUI overrides this
2025-07-19 00:24:31+0900: Using 6 CPU thread(s) for search
2025-07-19 00:24:31+0900: nnRandSeed0 = 7322993274090820744
2025-07-19 00:24:31+0900: After dedups: nnModelFile0 = C:\Projects\katago\katago-v1.16.3-opencl-windows-x64\models\kata1.bin.gz useFP16 auto useNHWC auto
2025-07-19 00:24:31+0900: Initializing neural net buffer to be size 19 * 19 exactly
2025-07-19 00:24:36+0900: Found OpenCL Platform 0: NVIDIA CUDA (NVIDIA Corporation) (OpenCL 3.0 CUDA 12.7.33)
2025-07-19 00:24:36+0900: Found 1 device(s) on platform 0 with type CPU or GPU or Accelerator
2025-07-19 00:24:36+0900: Found OpenCL Platform 1: Intel(R) OpenCL HD Graphics (Intel(R) Corporation) (OpenCL 3.0 )
2025-07-19 00:24:36+0900: Found 1 device(s) on platform 1 with type CPU or GPU or Accelerator
2025-07-19 00:24:36+0900: Found OpenCL Device 0: NVIDIA GeForce GTX 1650 Ti (NVIDIA Corporation) (score 11000300)
2025-07-19 00:24:36+0900: Found OpenCL Device 1: Intel(R) UHD Graphics (Intel(R) Corporation) (score 6000300)
2025-07-19 00:24:36+0900: Creating context for OpenCL Platform: NVIDIA CUDA (NVIDIA Corporation) (OpenCL 3.0 CUDA 12.7.33)
2025-07-19 00:24:36+0900: Using OpenCL Device 0: NVIDIA GeForce GTX 1650 Ti (NVIDIA Corporation) OpenCL 3.0 CUDA (Extensions: cl_khr_global_int32_base_atomics cl_khr_global_int32_extended_atomics cl_khr_local_int32_base_atomics cl_khr_local_int32_extended_atomics cl_khr_fp64 cl_khr_3d_image_writes cl_khr_byte_addressable_store cl_khr_icd cl_khr_gl_sharing cl_nv_compiler_options cl_nv_device_attribute_query cl_nv_pragma_unroll cl_nv_d3d10_sharing cl_khr_d3d10_sharing cl_nv_d3d11_sharing cl_nv_copy_opts cl_nv_create_buffer cl_khr_int64_base_atomics cl_khr_int64_extended_atomics cl_khr_device_uuid cl_khr_pci_bus_info cl_khr_external_semaphore cl_khr_external_memory cl_khr_external_semaphore_win32 cl_khr_external_memory_win32 cl_khr_semaphore)
2025-07-19 00:24:36+0900: Loaded tuning parameters from: C:\Projects\katago\katago-v1.16.3-opencl-windows-x64/KataGoData/opencltuning/tune11_gpuNVIDIAGeForceGTX1650Ti_x19_y19_c512_mv15.txt
2025-07-19 00:24:36+0900: OpenCL backend thread 0: Model version 15
2025-07-19 00:24:36+0900: OpenCL backend thread 0: Model name: kata1-b28c512nbt-s9824030976-d5024211955
2025-07-19 00:24:39+0900: OpenCL backend thread 0: FP16Storage true FP16Compute false FP16TensorCores false FP16TensorCoresFor1x1 false
2025-07-19 00:24:39+0900: Loaded neural net with nnXLen 19 nnYLen 19
2025-07-19 00:24:39+0900: Initializing board with boardXSize 19 boardYSize 19
2025-07-19 00:24:39+0900: Loaded config C:\Projects\katago\katago-v1.16.3-opencl-windows-x64\default_gtp.cfg
2025-07-19 00:24:39+0900: Loaded model C:\Projects\katago\katago-v1.16.3-opencl-windows-x64\models\kata1.bin.gz
2025-07-19 00:24:39+0900: Model name: kata1-b28c512nbt-s9824030976-d5024211955
2025-07-19 00:24:39+0900: GTP ready, beginning main protocol loop
2025-07-19 00:24:39+0900: Controller: 1 boardsize 19
2025-07-19 00:24:39+0900: =1 
2025-07-19 00:24:39+0900: Controller: 2 clear_board
2025-07-19 00:24:39+0900: =2 
2025-07-19 00:24:39+0900: Controller: 3 kata-set-rules tromp-taylor
2025-07-19 00:24:39+0900: Changed rules to TrompTaylor
2025-07-19 00:24:39+0900: =3 
2025-07-19 00:24:39+0900: Controller: 4 komi 7.5
2025-07-19 00:24:39+0900: =4 
2025-07-19 00:24:39+0900: Controller: 5 kata-set-param maxVisits 10
2025-07-19 00:24:39+0900: =5 
2025-07-19 00:24:39+0900: Controller: 6 kata-set-param maxTime 0.2
2025-07-19 00:24:39+0900: =6 
2025-07-19 00:24:39+0900: Controller: 7 kata-set-param playoutDoublingAdvantage -1
2025-07-19 00:24:39+0900: =7 
2025-07-19 00:24:51+0900: Controller: 8 play B D3
2025-07-19 00:24:51+0900: =8 
2025-07-19 00:24:51+0900: Controller: 9 genmove W
2025-07-19 00:24:51+0900: MoveNum: 1 HASH: 399178EAA13E7B3665350D3C481B629B
   A B C D E F G H J K L M N O P Q R S T
19 . . . . . . . . . . . . . . . . . . .
18 . . . . . . . . . . . . . . . . . . .
17 . . . . . . . . . . . . . . . . . . .
16 . . . @ . . . . . . . . . . . . . . .
15 . . . . . . . . . . . . . . . . . . .
14 . . . . . . . . . . . . . . . . . . .
13 . . . . . . . . . . . . . . . . . . .
12 . . . . . . . . . . . . . . . . . . .
11 . . . . . . . . . . . . . . . . . . .
10 . . . . . . . . . . . . . . . . . . .
 9 . . . . . . . . . . . . . . . . . . .
 8 . . . . . . . . . . . . . . . . . . .
 7 . . . . . . . . . . . . . . . . . . .
 6 . . . . . . . . . . . . . . . . . . .
 5 . . . . . . . . . . . . . . . . . . .
 4 . . . . . . . . . . . . . . . . . . .
 3 . . . X1. . . . . . . . . . . . . . .
 2 . . . . . . . . . . . . . . . . . . .
 1 . . . . . . . . . . . . . . . . . . .

koPOSITIONALscoreAREAtaxNONEsui1komi7.5
Time taken: 0.453
Root visits: 2
New playouts: 2
NN rows: 2
NN batches: 2
NN avg batch size: 1
PlayoutDoublingAdvantage: -1
PV: D16
Tree:
: T -27.30c W -26.70c S  -0.58c ( -3.3 L  -2.4) N       2  --  D16
---White(^)---
D16 : T -23.14c W -23.31c S   0.17c ( -2.6 L  -1.6) LCB -373.14c P 48.04% WF   1.7 PSV       2 N       1  --  D16

2025-07-19 00:24:51+0900: =9 D16
2025-07-19 00:24:53+0900: Controller: 10 play B K3
2025-07-19 00:24:53+0900: =10 
