2025-07-19 00:37:38+0900: Running with following config:
allowResignation = true
lagBuffer = 1.0
logAllGTPCommunication = true
logDir = gtp_logs
logSearchInfo = true
logSearchInfoForChosenMove = false
logToStderr = false
maxTimePondering = 60.0
maxVisits = 500
numSearchThreads = 6
ponderingEnabled = false
resignConsecTurns = 3
resignThreshold = -0.90
rules = tromp-taylor
searchFactorAfterOnePass = 0.50
searchFactorAfterTwoPass = 0.25
searchFactorWhenWinning = 0.40
searchFactorWhenWinningThreshold = 0.95

2025-07-19 00:37:38+0900: GTP Engine starting...
2025-07-19 00:37:38+0900: KataGo v1.16.3
2025-07-19 00:37:38+0900: Using TrompTaylor rules initially, unless GTP/GUI overrides this
2025-07-19 00:37:38+0900: Using 6 CPU thread(s) for search
2025-07-19 00:37:38+0900: nnRandSeed0 = 7337929506099407239
2025-07-19 00:37:38+0900: After dedups: nnModelFile0 = C:\Projects\katago\katago-v1.16.3-opencl-windows-x64\models\kata1.bin.gz useFP16 auto useNHWC auto
2025-07-19 00:37:38+0900: Initializing neural net buffer to be size 19 * 19 exactly
2025-07-19 00:37:43+0900: Found OpenCL Platform 0: NVIDIA CUDA (NVIDIA Corporation) (OpenCL 3.0 CUDA 12.7.33)
2025-07-19 00:37:43+0900: Found 1 device(s) on platform 0 with type CPU or GPU or Accelerator
2025-07-19 00:37:43+0900: Found OpenCL Platform 1: Intel(R) OpenCL HD Graphics (Intel(R) Corporation) (OpenCL 3.0 )
2025-07-19 00:37:43+0900: Found 1 device(s) on platform 1 with type CPU or GPU or Accelerator
2025-07-19 00:37:43+0900: Found OpenCL Device 0: NVIDIA GeForce GTX 1650 Ti (NVIDIA Corporation) (score 11000300)
2025-07-19 00:37:43+0900: Found OpenCL Device 1: Intel(R) UHD Graphics (Intel(R) Corporation) (score 6000300)
2025-07-19 00:37:43+0900: Creating context for OpenCL Platform: NVIDIA CUDA (NVIDIA Corporation) (OpenCL 3.0 CUDA 12.7.33)
2025-07-19 00:37:43+0900: Using OpenCL Device 0: NVIDIA GeForce GTX 1650 Ti (NVIDIA Corporation) OpenCL 3.0 CUDA (Extensions: cl_khr_global_int32_base_atomics cl_khr_global_int32_extended_atomics cl_khr_local_int32_base_atomics cl_khr_local_int32_extended_atomics cl_khr_fp64 cl_khr_3d_image_writes cl_khr_byte_addressable_store cl_khr_icd cl_khr_gl_sharing cl_nv_compiler_options cl_nv_device_attribute_query cl_nv_pragma_unroll cl_nv_d3d10_sharing cl_khr_d3d10_sharing cl_nv_d3d11_sharing cl_nv_copy_opts cl_nv_create_buffer cl_khr_int64_base_atomics cl_khr_int64_extended_atomics cl_khr_device_uuid cl_khr_pci_bus_info cl_khr_external_semaphore cl_khr_external_memory cl_khr_external_semaphore_win32 cl_khr_external_memory_win32 cl_khr_semaphore)
2025-07-19 00:37:43+0900: Loaded tuning parameters from: C:\Projects\katago\katago-v1.16.3-opencl-windows-x64/KataGoData/opencltuning/tune11_gpuNVIDIAGeForceGTX1650Ti_x19_y19_c512_mv15.txt
2025-07-19 00:37:43+0900: OpenCL backend thread 0: Model version 15
2025-07-19 00:37:43+0900: OpenCL backend thread 0: Model name: kata1-b28c512nbt-s9824030976-d5024211955
2025-07-19 00:37:46+0900: OpenCL backend thread 0: FP16Storage true FP16Compute false FP16TensorCores false FP16TensorCoresFor1x1 false
2025-07-19 00:37:46+0900: Loaded neural net with nnXLen 19 nnYLen 19
2025-07-19 00:37:46+0900: Initializing board with boardXSize 19 boardYSize 19
2025-07-19 00:37:46+0900: Loaded config C:\Projects\katago\katago-v1.16.3-opencl-windows-x64\default_gtp.cfg
2025-07-19 00:37:46+0900: Loaded model C:\Projects\katago\katago-v1.16.3-opencl-windows-x64\models\kata1.bin.gz
2025-07-19 00:37:46+0900: Model name: kata1-b28c512nbt-s9824030976-d5024211955
2025-07-19 00:37:46+0900: GTP ready, beginning main protocol loop
2025-07-19 00:37:46+0900: Controller: 1 boardsize 19
2025-07-19 00:37:46+0900: =1 
2025-07-19 00:37:46+0900: Controller: 2 clear_board
2025-07-19 00:37:46+0900: =2 
2025-07-19 00:37:46+0900: Controller: 3 kata-set-rules tromp-taylor
2025-07-19 00:37:46+0900: Changed rules to TrompTaylor
2025-07-19 00:37:46+0900: =3 
2025-07-19 00:37:46+0900: Controller: 4 komi 7.5
2025-07-19 00:37:46+0900: =4 
2025-07-19 00:37:46+0900: Controller: 5 kata-set-param maxVisits 10
2025-07-19 00:37:46+0900: =5 
2025-07-19 00:37:46+0900: Controller: 6 kata-set-param maxTime 0.2
2025-07-19 00:37:46+0900: =6 
2025-07-19 00:37:46+0900: Controller: 7 kata-set-param playoutDoublingAdvantage -1
2025-07-19 00:37:46+0900: =7 
2025-07-19 00:37:48+0900: Controller: 8 play B D3
2025-07-19 00:37:48+0900: =8 
2025-07-19 00:37:48+0900: Controller: 9 genmove W
2025-07-19 00:37:48+0900: MoveNum: 1 HASH: 399178EAA13E7B3665350D3C481B629B
   A B C D E F G H J K L M N O P Q R S T
19 . . . . . . . . . . . . . . . . . . .
18 . . . . . . . . . . . . . . . . . . .
17 . . . . . . . . . . . . . . . . . . .
16 . . . @ . . . . . . . . . . . . . . .
15 . . . . . . . . . . . . . . . . . . .
14 . . . . . . . . . . . . . . . . . . .
13 . . . . . . . . . . . . . . . . . . .
12 . . . . . . . . . . . . . . . . . . .
11 . . . . . . . . . . . . . . . . . . .
10 . . . . . . . . . . . . . . . . . . .
 9 . . . . . . . . . . . . . . . . . . .
 8 . . . . . . . . . . . . . . . . . . .
 7 . . . . . . . . . . . . . . . . . . .
 6 . . . . . . . . . . . . . . . . . . .
 5 . . . . . . . . . . . . . . . . . . .
 4 . . . . . . . . . . . . . . . . . . .
 3 . . . X1. . . . . . . . . . . . . . .
 2 . . . . . . . . . . . . . . . . . . .
 1 . . . . . . . . . . . . . . . . . . .

koPOSITIONALscoreAREAtaxNONEsui1komi7.5
Time taken: 0.282
Root visits: 2
New playouts: 2
NN rows: 2
NN batches: 2
NN avg batch size: 1
PlayoutDoublingAdvantage: -1
PV: D16
Tree:
: T -28.59c W -27.88c S  -0.70c ( -3.4 L  -2.4) N       2  --  D16
---White(^)---
D16 : T -25.88c W -25.80c S  -0.08c ( -2.8 L  -1.7) LCB -375.88c P 49.16% WF   1.8 PSV       2 N       1  --  D16

2025-07-19 00:37:48+0900: =9 D16
2025-07-19 00:37:52+0900: Controller: 10 play B Q4
2025-07-19 00:37:52+0900: =10 
2025-07-19 00:37:52+0900: Controller: 11 genmove W
2025-07-19 00:37:53+0900: MoveNum: 3 HASH: C51853B3109B6DC1225FA2590D708BFA
   A B C D E F G H J K L M N O P Q R S T
19 . . . . . . . . . . . . . . . . . . .
18 . . . . . . . . . . . . . . . . . . .
17 . . . . . . . . . . . . . . . . . . .
16 . . . O2. . . . . . . . . . . @ . . .
15 . . . . . . . . . . . . . . . . . . .
14 . . . . . . . . . . . . . . . . . . .
13 . . . . . . . . . . . . . . . . . . .
12 . . . . . . . . . . . . . . . . . . .
11 . . . . . . . . . . . . . . . . . . .
10 . . . . . . . . . . . . . . . . . . .
 9 . . . . . . . . . . . . . . . . . . .
 8 . . . . . . . . . . . . . . . . . . .
 7 . . . . . . . . . . . . . . . . . . .
 6 . . . . . . . . . . . . . . . . . . .
 5 . . . . . . . . . . . . . . . . . . .
 4 . . . . . . . . . . . . . . . X3. . .
 3 . . . X1. . . . . . . . . . . . . . .
 2 . . . . . . . . . . . . . . . . . . .
 1 . . . . . . . . . . . . . . . . . . .

koPOSITIONALscoreAREAtaxNONEsui1komi7.5
Time taken: 0.297
Root visits: 2
New playouts: 2
NN rows: 2
NN batches: 2
NN avg batch size: 1
PlayoutDoublingAdvantage: -1
PV: Q16
Tree:
: T -23.46c W -23.10c S  -0.36c ( -2.9 L  -2.0) N       2  --  Q16
---White(^)---
Q16 : T -15.46c W -15.94c S   0.48c ( -2.1 L  -1.2) LCB -365.46c P 79.42% WF   2.0 PSV       2 N       1  --  Q16

2025-07-19 00:37:53+0900: =11 Q16
2025-07-19 00:37:58+0900: Controller: 12 play B Q7
2025-07-19 00:37:58+0900: =12 
2025-07-19 00:37:58+0900: Controller: 13 genmove W
2025-07-19 00:37:58+0900: MoveNum: 5 HASH: FBE33A79BBC517E330BBC211511DABB8
   A B C D E F G H J K L M N O P Q R S T
19 . . . . . . . . . . . . . . . . . . .
18 . . . . . . . . . . . . . . . . . . .
17 . . . . . . . . . . . . . . . . . . .
16 . . . O . . . . . . . . . . . O2. . .
15 . . . . . . . . . . . . . . . . . . .
14 . . . . . . . . . . . . . . . . . . .
13 . . . . . . . . . . . . . . . . . . .
12 . . . . . . . . . . . . . . . . . . .
11 . . . . . . . . . . . . . . . . . . .
10 . . . . . . . . . . . . . . . . . . .
 9 . . . . . . . . . . . . . . . . . . .
 8 . . . . . . . . . . . . . . . . . . .
 7 . . . . . . . . . . . . . . . X3. . .
 6 . . . . . . . . . . . . . . . . . . .
 5 . . . @ . . . . . . . . . . . . . . .
 4 . . . . . . . . . . . . . . . X1. . .
 3 . . . X . . . . . . . . . . . . . . .
 2 . . . . . . . . . . . . . . . . . . .
 1 . . . . . . . . . . . . . . . . . . .

koPOSITIONALscoreAREAtaxNONEsui1komi7.5
Time taken: 0.281
Root visits: 2
New playouts: 2
NN rows: 2
NN batches: 2
NN avg batch size: 1
PlayoutDoublingAdvantage: -1
PV: D5
Tree:
: T -24.84c W -24.08c S  -0.77c ( -2.7 L  -1.8) N       2  --  D5
---White(^)---
D5  : T -21.24c W -20.65c S  -0.59c ( -2.5 L  -1.6) LCB -371.24c P 61.39% WF   1.9 PSV       2 N       1  --  D5

2025-07-19 00:37:58+0900: =13 D5
2025-07-19 00:38:01+0900: Controller: 14 play B D4
2025-07-19 00:38:01+0900: =14 
2025-07-19 00:38:01+0900: Controller: 15 genmove W
2025-07-19 00:38:01+0900: MoveNum: 7 HASH: 55472C640232D03504F2BF2FB85C5BCA
   A B C D E F G H J K L M N O P Q R S T
19 . . . . . . . . . . . . . . . . . . .
18 . . . . . . . . . . . . . . . . . . .
17 . . . . . . . . . . . . . . . . . . .
16 . . . O . . . . . . . . . . . O . . .
15 . . . . . . . . . . . . . . . . . . .
14 . . . . . . . . . . . . . . . . . . .
13 . . . . . . . . . . . . . . . . . . .
12 . . . . . . . . . . . . . . . . . . .
11 . . . . . . . . . . . . . . . . . . .
10 . . . . . . . . . . . . . . . . . . .
 9 . . . . . . . . . . . . . . . . . . .
 8 . . . . . . . . . . . . . . . . . . .
 7 . . . . . . . . . . . . . . . X1. . .
 6 . . . . . . . . . . . . . . . . . . .
 5 . . @ O2. . . . . . . . . . . . . . .
 4 . . . X3. . . . . . . . . . . X . . .
 3 . . . X . . . . . . . . . . . . . . .
 2 . . . . . . . . . . . . . . . . . . .
 1 . . . . . . . . . . . . . . . . . . .

koPOSITIONALscoreAREAtaxNONEsui1komi7.5
Time taken: 0.266
Root visits: 2
New playouts: 2
NN rows: 2
NN batches: 2
NN avg batch size: 1
PlayoutDoublingAdvantage: -1
PV: C5
Tree:
: T  -1.88c W  -1.72c S  -0.16c ( -1.0 L  -0.5) N       2  --  C5
---White(^)---
C5  : T   2.94c W   2.91c S   0.03c ( -0.8 L  -0.3) LCB -347.06c P 57.55% WF   2.1 PSV       2 N       1  --  C5

2025-07-19 00:38:01+0900: =15 C5
2025-07-19 00:38:04+0900: Controller: 16 play B C4
2025-07-19 00:38:04+0900: =16 
2025-07-19 00:38:04+0900: Controller: 17 genmove W
2025-07-19 00:38:04+0900: MoveNum: 9 HASH: 4A2EBFA8F8D1A5BDACA2514B4792719A
   A B C D E F G H J K L M N O P Q R S T
19 . . . . . . . . . . . . . . . . . . .
18 . . . . . . . . . . . . . . . . . . .
17 . . . . . . . . . . . . . . . . . . .
16 . . . O . . . . . . . . . . . O . . .
15 . . . . . . . . . . . . . . . . . . .
14 . . . . . . . . . . . . . . . . . . .
13 . . . . . . . . . . . . . . . . . . .
12 . . . . . . . . . . . . . . . . . . .
11 . . . . . . . . . . . . . . . . . . .
10 . . . . . . . . . . . . . . . . . . .
 9 . . . . . . . . . . . . . . . . . . .
 8 . . . . . . . . . . . . . . . . . . .
 7 . . . . . . . . . . . . . . . X . . .
 6 . . . . . . . . . . . . . . . . . . .
 5 . . O2O . @ . . . . . . . . . . . . .
 4 . . X3X1. . . . . . . . . . . X . . .
 3 . . . X . . . . . . . . . . . . . . .
 2 . . . . . . . . . . . . . . . . . . .
 1 . . . . . . . . . . . . . . . . . . .

koPOSITIONALscoreAREAtaxNONEsui1komi7.5
Time taken: 0.25
Root visits: 2
New playouts: 2
NN rows: 2
NN batches: 2
NN avg batch size: 1
PlayoutDoublingAdvantage: -1
PV: F5
Tree:
: T  26.78c W  26.51c S   0.27c ( +1.5 L  +1.2) N       2  --  F5
---White(^)---
F5  : T  26.72c W  26.82c S  -0.10c ( +1.2 L  +0.9) LCB -323.28c P 85.77% WF   1.9 PSV       2 N       1  --  F5

2025-07-19 00:38:04+0900: =17 F5
2025-07-19 00:38:06+0900: Controller: 18 play B F4
2025-07-19 00:38:06+0900: =18 
2025-07-19 00:38:06+0900: Controller: 19 genmove W
2025-07-19 00:38:06+0900: MoveNum: 11 HASH: 642BDE6CEB882E810C8C1EB9BE67487B
   A B C D E F G H J K L M N O P Q R S T
19 . . . . . . . . . . . . . . . . . . .
18 . . . . . . . . . . . . . . . . . . .
17 . . . . . . . . . . . . . . . . . . .
16 . . . O . . . . . . . . . . . O . . .
15 . . . . . . . . . . . . . . . . . . .
14 . . . . . . . . . . . . . . . . . . .
13 . . . . . . . . . . . . . . . . . . .
12 . . . . . . . . . . . . . . . . . . .
11 . . . . . . . . . . . . . . . . . . .
10 . . . . . . . . . . . . . . . . . . .
 9 . . . . . . . . . . . . . . . . . . .
 8 . . . . . . . . . . . . . . . . . . .
 7 . . . . . . . . . . . . . . . X . . .
 6 . . . . . . . . . . . . . . . . . . .
 5 . . O O . O2. . . . . . . . . . . . .
 4 . . X1X . X3@ . . . . . . . . X . . .
 3 . . . X . . . . . . . . . . . . . . .
 2 . . . . . . . . . . . . . . . . . . .
 1 . . . . . . . . . . . . . . . . . . .

koPOSITIONALscoreAREAtaxNONEsui1komi7.5
Time taken: 0.203
Root visits: 6
New playouts: 6
NN rows: 6
NN batches: 6
NN avg batch size: 1
PlayoutDoublingAdvantage: -1
PV: G4 G5 E4
Tree:
: T  43.52c W  44.36c S   0.69c ( +3.2 L  +2.2) N       6  --  G4 G5 E4
---White(^)---
G4  : T  36.27c W  39.06c S   0.17c ( +2.7 L  +1.8) LCB  -39.42c P 56.76% WF   4.5 PSV       8 N       3  --  G4 G5 E4
G5  : T  49.20c W  48.87c S   1.01c ( +3.5 L  +2.4) LCB -100.78c P 36.25% WF   4.3 PSV       5 N       2  --  G5 G4

2025-07-19 00:38:06+0900: =19 G4
2025-07-19 00:38:08+0900: Controller: 20 play B G3
2025-07-19 00:38:08+0900: =20 
2025-07-19 00:38:08+0900: Controller: 21 genmove W
2025-07-19 00:38:08+0900: MoveNum: 13 HASH: 4645163589B594A3172566CD45C4DFF0
   A B C D E F G H J K L M N O P Q R S T
19 . . . . . . . . . . . . . . . . . . .
18 . . . . . . . . . . . . . . . . . . .
17 . . . . . . . . . . . . . . . . . . .
16 . . . O . . . . . . . . . . . O . . .
15 . . . . . . . . . . . . . . . . . . .
14 . . . . . . . . . . . . . . . . . . .
13 . . . . . . . . . . . . . . . . . . .
12 . . . . . . . . . . . . . . . . . . .
11 . . . . . . . . . . . . . . . . . . .
10 . . . . . . . . . . . . . . . . . . .
 9 . . . . . . . . . . . . . . . . . . .
 8 . . . . . . . . . . . . . . . . . . .
 7 . . . . . . . . . . . . . . . X . . .
 6 . . . . . . . . . . . . . . . . . . .
 5 . . O O . O . . . . . . . . . . . . .
 4 . . X X @ X1O2. . . . . . . . X . . .
 3 . . . X . . X3. . . . . . . . . . . .
 2 . . . . . . . . . . . . . . . . . . .
 1 . . . . . . . . . . . . . . . . . . .

koPOSITIONALscoreAREAtaxNONEsui1komi7.5
Time taken: 0.235
Root visits: 3
New playouts: 3
NN rows: 3
NN batches: 3
NN avg batch size: 1
PlayoutDoublingAdvantage: -1
PV: E4
Tree:
: T  62.48c W  62.03c S   0.43c ( +5.0 L  +3.4) N       3  --  E4
---White(^)---
E4  : T  64.19c W  63.65c S   0.54c ( +5.1 L  +3.3) LCB -285.81c P 68.47% WF   1.7 PSV       2 N       1  --  E4
H4  : T  41.11c W  43.05c S  -1.93c ( +2.7 L  +1.7) LCB -308.89c P 27.62% WF   1.4 PSV       0 N       1  --  H4

2025-07-19 00:38:08+0900: =21 E4
2025-07-19 00:38:10+0900: Controller: 22 play B F3
2025-07-19 00:38:10+0900: =22 
2025-07-19 00:38:10+0900: Controller: 23 genmove W
2025-07-19 00:38:10+0900: MoveNum: 15 HASH: B8E621F68713868FE42C5650C7FADBB5
   A B C D E F G H J K L M N O P Q R S T
19 . . . . . . . . . . . . . . . . . . .
18 . . . . . . . . . . . . . . . . . . .
17 . . . . . . . . . . . . . . . . . . .
16 . . . O . . . . . . . . . . . O . . .
15 . . . . . . . . . . . . . . . . . . .
14 . . . . . . . . . . . . . . . . . . .
13 . . . . . . . . . . . . . . . . . . .
12 . . . . . . . . . . . . . . . . . . .
11 . . . . . . . . . . . . . . . . . . .
10 . . . . . . . . . . . . . . . . . . .
 9 . . . . . . . . . . . . . . . . . . .
 8 . . . . . . . . . . . . . . . . . . .
 7 . . . . . . . . . . . . . . . X . . .
 6 . . . . . . . . . . . . . . . . . . .
 5 . . O O . O . . . . . . . . . . . . .
 4 . . X X O2X O . . . . . . . . X . . .
 3 . . . X @ X3X1. . . . . . . . . . . .
 2 . . . . . . . . . . . . . . . . . . .
 1 . . . . . . . . . . . . . . . . . . .

koPOSITIONALscoreAREAtaxNONEsui1komi7.5
Time taken: 0.203
Root visits: 2
New playouts: 2
NN rows: 2
NN batches: 2
NN avg batch size: 1
PlayoutDoublingAdvantage: -1
PV: E3
Tree:
: T  69.81c W  68.21c S   1.60c ( +5.8 L  +4.0) N       2  --  E3
---White(^)---
E3  : T  66.12c W  65.08c S   1.05c ( +5.3 L  +3.4) LCB -283.88c P 79.75% WF   1.5 PSV       1 N       1  --  E3

2025-07-19 00:38:10+0900: =23 E3
2025-07-19 00:38:13+0900: Controller: 24 play B E2
2025-07-19 00:38:13+0900: =24 
2025-07-19 00:38:13+0900: Controller: 25 genmove W
2025-07-19 00:38:13+0900: MoveNum: 17 HASH: 159FACDB0A4294420021C14FC23F35C9
   A B C D E F G H J K L M N O P Q R S T
19 . . . . . . . . . . . . . . . . . . .
18 . . . . . . . . . . . . . . . . . . .
17 . . . . . . . . . . . . . . . . . . .
16 . . . O . . . . . . . . . . . O . . .
15 . . . . . . . . . . . . . . . . . . .
14 . . . . . . . . . . . . . . . . . . .
13 . . . . . . . . . . . . . . . . . . .
12 . . . . . . . . . . . . . . . . . . .
11 . . . . . . . . . . . . . . . . . . .
10 . . . . . . . . . . . . . . . . . . .
 9 . . . . . . . . . . . . . . . . . . .
 8 . . . . . . . . . . . . . . . . . . .
 7 . . . . . . . . . . . . . . . X . . .
 6 . . . . . . . . . . . . . . . . . . .
 5 . . O O @ O . . . . . . . . . . . . .
 4 . . X X O X O . . . . . . . . X . . .
 3 . . . X O2X1X . . . . . . . . . . . .
 2 . . . . X3. . . . . . . . . . . . . .
 1 . . . . . . . . . . . . . . . . . . .

koPOSITIONALscoreAREAtaxNONEsui1komi7.5
Time taken: 0.218
Root visits: 2
New playouts: 2
NN rows: 2
NN batches: 2
NN avg batch size: 1
PlayoutDoublingAdvantage: -1
PV: E5
Tree:
: T  74.82c W  72.65c S   2.17c ( +6.2 L  +4.2) N       2  --  E5
---White(^)---
E5  : T  75.11c W  72.82c S   2.29c ( +6.3 L  +4.1) LCB -274.89c P 99.91% WF   1.6 PSV       2 N       1  --  E5

2025-07-19 00:38:13+0900: =25 E5
2025-07-19 00:38:16+0900: Controller: 26 play B G5
2025-07-19 00:38:16+0900: =26 
2025-07-19 00:38:16+0900: Controller: 27 genmove W
2025-07-19 00:38:16+0900: MoveNum: 19 HASH: EF64ABAA132743D0025332E4F47E7451
   A B C D E F G H J K L M N O P Q R S T
19 . . . . . . . . . . . . . . . . . . .
18 . . . . . . . . . . . . . . . . . . .
17 . . . . . . . . . . . . . . . . . . .
16 . . . O . . . . . . . . . . . O . . .
15 . . . . . . . . . . . . . . . . . . .
14 . . . . . . . . . . . . . . . . . . .
13 . . . . . . . . . . . . . . . . . . .
12 . . . . . . . . . . . . . . . . . . .
11 . . . . . . . . . . . . . . . . . . .
10 . . . . . . . . . . . . . . . . . . .
 9 . . . . . . . . . . . . . . . . . . .
 8 . . . . . . . . . . . . . . . . . . .
 7 . . . . . . . . . . . . . . . X . . .
 6 . . . . . . . . . . . . . . . . . . .
 5 . . O O O2O X3. . . . . . . . . . . .
 4 . . X X O X O @ . . . . . . . X . . .
 3 . . . X O X X . . . . . . . . . . . .
 2 . . . . X1. . . . . . . . . . . . . .
 1 . . . . . . . . . . . . . . . . . . .

koPOSITIONALscoreAREAtaxNONEsui1komi7.5
Time taken: 0.297
Root visits: 2
New playouts: 2
NN rows: 2
NN batches: 2
NN avg batch size: 1
PlayoutDoublingAdvantage: -1
PV: H4
Tree:
: T  94.32c W  90.89c S   3.43c (+11.0 L  +8.1) N       2  --  H4
---White(^)---
H4  : T  92.34c W  89.39c S   2.95c (+10.5 L  +7.4) LCB -257.66c P 97.07% WF   1.7 PSV       2 N       1  --  H4

2025-07-19 00:38:16+0900: =27 H4
2025-07-19 00:38:18+0900: Controller: 28 play B H3
2025-07-19 00:38:18+0900: =28 
2025-07-19 00:38:18+0900: Controller: 29 genmove W
2025-07-19 00:38:18+0900: MoveNum: 21 HASH: 5B7A3233B21D9F77F99014D0F273A2DF
   A B C D E F G H J K L M N O P Q R S T
19 . . . . . . . . . . . . . . . . . . .
18 . . . . . . . . . . . . . . . . . . .
17 . . . . . . . . . . . . . . . . . . .
16 . . . O . . . . . . . . . . . O . . .
15 . . . . . . . . . . . . . . . . . . .
14 . . . . . . . . . . . . . . . . . . .
13 . . . . . . . . . . . . . . . . . . .
12 . . . . . . . . . . . . . . . . . . .
11 . . . . . . . . . . . . . . . . . . .
10 . . . . . . . . . . . . . . . . . . .
 9 . . . . . . . . . . . . . . . . . . .
 8 . . . . . . . . . . . . . . . . . . .
 7 . . . . . . . . . . . . . . . X . . .
 6 . . . . . . . . . . . . . . . . . . .
 5 . . O O O O X1. . . . . . . . . . . .
 4 . . X X O X O O2@ . . . . . . X . . .
 3 . . . X O X X X3. . . . . . . . . . .
 2 . . . . X . . . . . . . . . . . . . .
 1 . . . . . . . . . . . . . . . . . . .

koPOSITIONALscoreAREAtaxNONEsui1komi7.5
Time taken: 0.281
Root visits: 2
New playouts: 2
NN rows: 2
NN batches: 2
NN avg batch size: 1
PlayoutDoublingAdvantage: -1
PV: J4
Tree:
: T  98.07c W  94.44c S   3.62c (+12.3 L  +9.1) N       2  --  J4
---White(^)---
J4  : T  95.83c W  93.06c S   2.77c (+11.5 L  +8.2) LCB -254.17c P 32.02% WF   2.5 PSV       2 N       1  --  J4

2025-07-19 00:38:18+0900: =29 J4
2025-07-19 00:38:20+0900: Controller: 30 play B J3
2025-07-19 00:38:20+0900: =30 
2025-07-19 00:38:20+0900: Controller: 31 genmove W
2025-07-19 00:38:20+0900: MoveNum: 23 HASH: C8DF384EDE7BBD3EF0F6037073AB2434
   A B C D E F G H J K L M N O P Q R S T
19 . . . . . . . . . . . . . . . . . . .
18 . . . . . . . . . . . . . . . . . . .
17 . . . . . . . . . . . . . . . . . . .
16 . . . O . . . . . . . . . . . O . . .
15 . . . . . . . . . . . . . . . . . . .
14 . . . . . . . . . . . . . . . . . . .
13 . . . . . . . . . . . . . . . . . . .
12 . . . . . . . . . . . . . . . . . . .
11 . . . . . . . . . . . . . . . . . . .
10 . . . . . . . . . . . . . . . . . . .
 9 . . . . . . . . . . . . . . . . . . .
 8 . . . . . . . . . . . . . . . . . . .
 7 . . . . . . . . . . . . . . . X . . .
 6 . . . . . . . . . . . . . . . . . . .
 5 . . O O O O X . . . . . . . . . . . .
 4 . . X X O X O O O2@ . . . . . X . . .
 3 . . . X O X X X1X3. . . . . . . . . .
 2 . . . . X . . . . . . . . . . . . . .
 1 . . . . . . . . . . . . . . . . . . .

koPOSITIONALscoreAREAtaxNONEsui1komi7.5
Time taken: 0.218
Root visits: 7
New playouts: 7
NN rows: 7
NN batches: 7
NN avg batch size: 1
PlayoutDoublingAdvantage: -1
PV: K4 G6 K3 C2
Tree:
: T  96.95c W  93.68c S   3.19c (+11.8 L  +8.8) N       7  --  K4 G6 K3 C2
---White(^)---
K4  : T  96.98c W  93.68c S   3.19c (+11.9 L  +8.8) LCB   67.60c P 75.90% WF  15.2 PSV      15 N       5  --  K4 G6 K3 C2
G6  : T  93.45c W  91.61c S   1.84c (+10.6 L  +7.3) LCB -256.55c P 13.52% WF   2.5 PSV       2 N       1  --  G6

2025-07-19 00:38:20+0900: =31 K4
2025-07-19 00:38:21+0900: Controller: 32 play B K3
2025-07-19 00:38:21+0900: =32 
2025-07-19 00:38:21+0900: Controller: 33 genmove W
2025-07-19 00:38:21+0900: MoveNum: 25 HASH: 2FBCD74A332F8E49F10C71B52F0A78F0
   A B C D E F G H J K L M N O P Q R S T
19 . . . . . . . . . . . . . . . . . . .
18 . . . . . . . . . . . . . . . . . . .
17 . . . . . . . . . . . . . . . . . . .
16 . . . O . . . . . . . . . . . O . . .
15 . . . . . . . . . . . . . . . . . . .
14 . . . . . . . . . . . . . . . . . . .
13 . . . . . . . . . . . . . . . . . . .
12 . . . . . . . . . . . . . . . . . . .
11 . . . . . . . . . . . . . . . . . . .
10 . . . . . . . . . . . . . . . . . . .
 9 . . . . . . . . . . . . . . . . . . .
 8 . . . . . . . . . . . . . . . . . . .
 7 . . . . . . . . . . . . . . . X . . .
 6 . . . . . . @ . . . . . . . . . . . .
 5 . . O O O O X . . . . . . . . . . . .
 4 . . X X O X O O O O2. . . . . X . . .
 3 . . . X O X X X X1X3. . . . . . . . .
 2 . . . . X . . . . . . . . . . . . . .
 1 . . . . . . . . . . . . . . . . . . .

koPOSITIONALscoreAREAtaxNONEsui1komi7.5
Time taken: 0.204
Root visits: 8
New playouts: 8
NN rows: 8
NN batches: 8
NN avg batch size: 1
PlayoutDoublingAdvantage: -1
PV: G6 C13 D11
Tree:
: T 101.74c W  97.42c S   4.08c (+13.4 L +10.6) N       8  --  G6 C13 D11
---White(^)---
G6  : T 102.17c W  97.83c S   4.30c (+13.7 L +10.8) LCB   59.32c P 48.61% WF  18.0 PSV      21 N       4  --  G6 C13 D11
B4  : T 100.90c W  96.73c S   3.53c (+12.9 L +10.0) LCB   25.24c P 45.24% WF  11.3 PSV      12 N       3  --  B4 C2 G6

2025-07-19 00:38:21+0900: =33 G6
2025-07-19 00:38:32+0900: Controller: 34 play B M4
2025-07-19 00:38:32+0900: =34 
2025-07-19 00:38:32+0900: Controller: 35 genmove W
2025-07-19 00:38:32+0900: MoveNum: 27 HASH: 849C2F27F284FA0705EE3D6ED3511847
   A B C D E F G H J K L M N O P Q R S T
19 . . . . . . . . . . . . . . . . . . .
18 . . . . . . . . . . . . . . . . . . .
17 . . . . . . . . . . . . . . . . . . .
16 . . . O . . . . . . . . . . . O . . .
15 . . . . . . . . . . . . . . . . . . .
14 . . . . . . . . . . . . . . . . . . .
13 . . . . . . . . . . . . . . . . . . .
12 . . . . . . . . . . . . . . . . . . .
11 . . . . . . . . . . . . . . . . . . .
10 . . . . . . . . . . . . . . . . . . .
 9 . . . . . . . . . . . . . . . . . . .
 8 . . . . . . . . . . . . . . . . . . .
 7 . . . . . . . . . . . . . . . X . . .
 6 . . . . . . O2. . . . . . . . . . . .
 5 . . O O O O X . . . . . . . . . . . .
 4 . @ X X O X O O O O . X3. . . X . . .
 3 . . . X O X X X X X1. . . . . . . . .
 2 . . . . X . . . . . . . . . . . . . .
 1 . . . . . . . . . . . . . . . . . . .

koPOSITIONALscoreAREAtaxNONEsui1komi7.5
Time taken: 0.313
Root visits: 2
New playouts: 2
NN rows: 2
NN batches: 2
NN avg batch size: 1
PlayoutDoublingAdvantage: -1
PV: B4
Tree:
: T 104.42c W  99.06c S   5.37c (+16.7 L +14.3) N       2  --  B4
---White(^)---
B4  : T 104.32c W  99.12c S   5.20c (+16.6 L +14.2) LCB -245.68c P 24.94% WF   4.5 PSV       4 N       1  --  B4

2025-07-19 00:38:32+0900: =35 B4
2025-07-19 00:38:36+0900: Controller: 36 play B B5
2025-07-19 00:38:36+0900: =36 
2025-07-19 00:38:36+0900: Controller: 37 genmove W
2025-07-19 00:38:37+0900: MoveNum: 29 HASH: B13670D975E0E521E1F1D014A4F086BD
   A B C D E F G H J K L M N O P Q R S T
19 . . . . . . . . . . . . . . . . . . .
18 . . . . . . . . . . . . . . . . . . .
17 . . . . . . . . . . . . . . . . . . .
16 . . . O . . . . . . . . . . . O . . .
15 . . . . . . . . . . . . . . . . . . .
14 . . . . . . . . . . . . . . . . . . .
13 . . . . . . . . . . . . . . . . . . .
12 . . . . . . . . . . . . . . . . . . .
11 . . . . . . . . . . . . . . . . . . .
10 . . . . . . . . . . . . . . . . . . .
 9 . . . . . . . . . . . . . . . . . . .
 8 . . . . . . . . . . . . . . . . . . .
 7 . . . . . . . . . . . . . . . X . . .
 6 . . . . . . O . . . . . . . . . . . .
 5 . X3O O O O X . . . . . . . . . . . .
 4 . O2X X O X O O O O . X1. . . X . . .
 3 . . . X O X X X X X . . . . . . . . .
 2 . . . @ X . . . . . . . . . . . . . .
 1 . . . . . . . . . . . . . . . . . . .

koPOSITIONALscoreAREAtaxNONEsui1komi7.5
Time taken: 0.328
Root visits: 2
New playouts: 2
NN rows: 2
NN batches: 2
NN avg batch size: 1
PlayoutDoublingAdvantage: -1
PV: D2
Tree:
: T 108.55c W  99.71c S   8.85c (+25.2 L +23.2) N       2  --  D2
---White(^)---
D2  : T 109.94c W  99.84c S  10.10c (+26.6 L +24.0) LCB -240.06c P 83.18% WF   4.2 PSV       4 N       1  --  D2

2025-07-19 00:38:37+0900: =37 D2
2025-07-19 00:38:39+0900: Controller: 38 play B C2
2025-07-19 00:38:39+0900: =38 
2025-07-19 00:38:39+0900: Controller: 39 genmove W
2025-07-19 00:38:39+0900: MoveNum: 31 HASH: 45BDF60B53199BAEF6625D9B156023D2
   A B C D E F G H J K L M N O P Q R S T
19 . . . . . . . . . . . . . . . . . . .
18 . . . . . . . . . . . . . . . . . . .
17 . . . . . . . . . . . . . . . . . . .
16 . . . O . . . . . . . . . . . O . . .
15 . . . . . . . . . . . . . . . . . . .
14 . . . . . . . . . . . . . . . . . . .
13 . . . . . . . . . . . . . . . . . . .
12 . . . . . . . . . . . . . . . . . . .
11 . . . . . . . . . . . . . . . . . . .
10 . . . . . . . . . . . . . . . . . . .
 9 . . . . . . . . . . . . . . . . . . .
 8 . . . . . . . . . . . . . . . . . . .
 7 . . . . . . . . . . . . . . . X . . .
 6 . . . . . . O . . . . . . . . . . . .
 5 . X1O O O O X . . . . . . . . . . . .
 4 . O X X O X O O O O . X . . . X . . .
 3 . . @ X O X X X X X . . . . . . . . .
 2 . . X3O2X . . . . . . . . . . . . . .
 1 . . . . . . . . . . . . . . . . . . .

koPOSITIONALscoreAREAtaxNONEsui1komi7.5
Time taken: 0.312
Root visits: 2
New playouts: 2
NN rows: 2
NN batches: 2
NN avg batch size: 1
PlayoutDoublingAdvantage: -1
PV: C3
Tree:
: T 109.63c W  99.87c S   9.75c (+31.3 L +29.5) N       2  --  C3
---White(^)---
C3  : T 110.09c W  99.92c S  10.17c (+31.7 L +29.5) LCB -239.91c P 94.16% WF   5.1 PSV       5 N       1  --  C3

2025-07-19 00:38:39+0900: =39 C3
2025-07-19 00:38:41+0900: Controller: 40 play B B3
2025-07-19 00:38:41+0900: =40 
2025-07-19 00:38:41+0900: Controller: 41 genmove W
2025-07-19 00:38:41+0900: MoveNum: 33 HASH: 72CCB7377567B49CC483E96BC12BC07E
   A B C D E F G H J K L M N O P Q R S T
19 . . . . . . . . . . . . . . . . . . .
18 . . . . . . . . . . . . . . . . . . .
17 . . . . . . . . . . . . . . . . . . .
16 . . . O . . . . . . . . . . . O . . .
15 . . . . . . . . . . . . . . . . . . .
14 . . . . . . . . . . . . . . . . . . .
13 . . . . . . . . . . . . . . . . . . .
12 . . . . . . . . . . . . . . . . . . .
11 . . . . . . . . . . . . . . . . . . .
10 . . . . . . . . . . . . . . . . . . .
 9 . . . . . . . . . . . . . . . . . . .
 8 . . . . . . . . . . . . . . . . . . .
 7 . . . . . . . . . . . . . . . X . . .
 6 . . . . . . O . . . . . . . . . . . .
 5 . X O O O O X . . . . . . . . . . . .
 4 . O . . O X O O O O . X . . . X . . .
 3 . X3O2. O X X X X X . . . . . . . . .
 2 . . X1O X @ . . . . . . . . . . . . .
 1 . . . . . . . . . . . . . . . . . . .

koPOSITIONALscoreAREAtaxNONEsui1komi7.5
Time taken: 0.172
Root visits: 2
New playouts: 2
NN rows: 2
NN batches: 2
NN avg batch size: 1
PlayoutDoublingAdvantage: -1
PV: F2
Tree:
: T 111.14c W  99.93c S  11.21c (+38.1 L +36.2) N       2  --  F2
---White(^)---
F2  : T 111.30c W  99.97c S  11.33c (+38.2 L +35.9) LCB -238.70c P 35.34% WF   4.9 PSV       5 N       1  --  F2

2025-07-19 00:38:41+0900: =41 F2
